Successfully ran command.
Server URL         : http://localhost:8000/
Server Root        : /tmp/mod_wsgi-localhost:8000:1000
Server Conf        : /tmp/mod_wsgi-localhost:8000:1000/httpd.conf
Error Log File     : /tmp/mod_wsgi-localhost:8000:1000/error_log (warn)
Request Capacity   : 10 (2 processes * 5 threads)
Request Timeout    : 60 (seconds)
Startup Timeout    : 15 (seconds)
Queue Backlog      : 100 (connections)
Queue Timeout      : 45 (seconds)
Server Capacity    : 36 (event/worker), 25 (prefork)
Server Backlog     : 500 (connections)
Locale Setting     : en_US.UTF-8
Successfully ran command.
Server URL         : http://localhost:8000/
Server Root        : /tmp/mod_wsgi-localhost:8000:1000
Server Conf        : /tmp/mod_wsgi-localhost:8000:1000/httpd.conf
Error Log File     : /tmp/mod_wsgi-localhost:8000:1000/error_log (warn)
Request Capacity   : 10 (2 processes * 5 threads)
Request Timeout    : 60 (seconds)
Startup Timeout    : 15 (seconds)
Queue Backlog      : 100 (connections)
Queue Timeout      : 45 (seconds)
Server Capacity    : 36 (event/worker), 25 (prefork)
Server Backlog     : 500 (connections)
Locale Setting     : en_US.UTF-8
Successfully ran command.
Server URL         : http://localhost:8000/
Server Root        : /tmp/mod_wsgi-localhost:8000:1000
Server Conf        : /tmp/mod_wsgi-localhost:8000:1000/httpd.conf
Error Log File     : /tmp/mod_wsgi-localhost:8000:1000/error_log (warn)
Request Capacity   : 10 (2 processes * 5 threads)
Request Timeout    : 60 (seconds)
Startup Timeout    : 15 (seconds)
Queue Backlog      : 100 (connections)
Queue Timeout      : 45 (seconds)
Server Capacity    : 36 (event/worker), 25 (prefork)
Server Backlog     : 500 (connections)
Locale Setting     : en_US.UTF-8
